2018-07-21 00:07:40: Connected to D:\IDEA\lendol\src\main\resources\information: D: NTFS: type=NTFS vol=disk flags=3E700FF
2018-07-21 00:07:42: FTP: Use MLST/MLSD command to list files
2018-07-21 00:07:42: Connected to ftp://files.000webhost.com/public_html: ProFTPD Server (000webhost.com) [::ffff:145.14.145.3]: Syst='UNIX Type: L8' Feat='Features:: AUTH TLS: CCC: CLNT: EPRT: EPSV: HOST: MDTM: MFF modify;UNIX.group;UNIX.mode;: MFMT: MLST modify*;perm*;size*;type*;unique*;UNIX.group*;UNIX.groupname*;UNIX.mode*;UNIX.owner*;UNIX.ownername*;: PBSZ: PROT: RANG STREAM: REST STREAM: SIZE: SSCN: TVFS:End'
2018-07-21 00:07:42: Incremental Analyze for On File Change
2018-07-21 00:07:43: -- Analysis Started by On File Change, After Delay, Under Runner
2018-07-21 00:07:43: ----- Задание 'lendol': АНАЛИЗ запустил On File Change, After Delay, Under Runner на компьютере 'PC' (GoodSync вер. 10.9.2.2) -----
2018-07-21 00:07:43: D:\IDEA\lendol\src\main\resources\information (D:/IDEA/lendol/src/main/resources/information) [TmpDest] <-> ftp://files.000webhost.com/public_html [TmpDest], RecycleTo_RecycleBin, SaveDays_RecycleBin=30d, ReconnectSecs=120, OnFileChange Delay=5, Unattended, ChangeLimit=50, LinksIgnore
2018-07-21 00:07:43: Искл. Скрытые, Искл. Системные, Исключено name *._gstmp|/System Volume Information|Thumbs.db|.DS_Store 
2018-07-21 00:07:43: Locking folder D:/IDEA/lendol/src/main/resources/information for write
2018-07-21 00:07:43: Change Analyzed: D:/IDEA/lendol/src/main/resources/information/index.php
2018-07-21 00:07:43: Change Analyzed: D:/IDEA/lendol/src/main/resources/information/index.php
2018-07-21 00:07:43: Locking folder ftp://files.000webhost.com/public_html for write
2018-07-21 00:07:44: Требуемый размер для синхронизации на диске file:///D: : 0 байт, у Вас имеется 508 ГБ
2018-07-21 00:07:44: On disk ftp://files.000webhost.com space required for sync is 1,00 КБ, free space is unknown
2018-07-21 00:07:44: Изменений: 1, Конфликтов: 0, Копий Времени: 0, Копий Состояния: 0, Ошибок: 0, All: 89
2018-07-21 00:07:44: Left to Right: Copy File: 1 
2018-07-21 00:07:44: ----- Анализ завершён. Время 00:00:05, Скорость: 9 файлов/сек -----
2018-07-21 00:07:44: Fraction of files changed (excluding renames) is low enough to perform Auto Sync: 2% (1 / 45) < 50%
2018-07-21 00:07:44: == Sync Started by On File Change, After Delay, Under Runner
2018-07-21 00:07:44: ===== Задание 'lendol': СИНХРОНИЗАЦИЮ запустил On File Change, After Delay, Under Runner на компьютере 'PC' =====
2018-07-21 00:07:44: D:\IDEA\lendol\src\main\resources\information (D:/IDEA/lendol/src/main/resources/information) [TmpDest] <-> ftp://files.000webhost.com/public_html [TmpDest], RecycleTo_RecycleBin, SaveDays_RecycleBin=30d, ReconnectSecs=120, OnFileChange Delay=5, Unattended, ChangeLimit=50, LinksIgnore
2018-07-21 00:07:46: Load Recycled DB: ftp://files.000webhost.com/public_html/_gsdata_/_recycled_db._gs
2018-07-21 00:07:47: Скопировано поверх 'D:/IDEA/lendol/src/main/resources/information/index.php' -> 'ftp://files.000webhost.com/public_html/index.php' (424)
2018-07-21 00:07:47: Сохраняю файл состояний D:/IDEA/lendol/src/main/resources/information/_gsdata_/_file_state_v4._gs
2018-07-21 00:07:48: Сохраняю файл состояний ftp://files.000webhost.com/public_html/_gsdata_/_file_state_v4._gs
2018-07-21 00:07:48: Cleanup recycled files in D:/IDEA/lendol/src/main/resources/information/_gsdata_/_saved_
2018-07-21 00:07:48: Cleanup old logs in D:/IDEA/lendol/src/main/resources/information/_gsdata_
2018-07-21 00:07:48: Cleanup recycled files in ftp://files.000webhost.com/public_html/_gsdata_/_saved_
2018-07-21 00:07:48: Save Recycled DB: ftp://files.000webhost.com/public_html/_gsdata_/_recycled_db._gs
2018-07-21 00:07:48: Cleanup old logs in ftp://files.000webhost.com/public_html/_gsdata_
2018-07-21 00:07:49: ===== Синхронизация завершена. Время 00:00:05, Скорость: 141 байт/s файлов/сек =====, Синхронизировано: 1, Ошибок: 0
2018-07-21 00:07:49: Unlocking folder D:/IDEA/lendol/src/main/resources/information/_gsdata_/lock.gsl
2018-07-21 00:07:49: Unlocking folder ftp://files.000webhost.com/public_html/_gsdata_/lock.gsl
2018-07-21 00:07:49: 
