2018-07-20 18:46:44: Connected to D:\IDEA\lendol\src\main\resources\information: D: NTFS: type=NTFS vol=disk flags=3E700FF
2018-07-20 18:46:45: FTP: Use MLST/MLSD command to list files
2018-07-20 18:46:46: Connected to ftp://files.000webhost.com/public_html: ProFTPD Server (000webhost.com) [::ffff:145.14.145.53]: Syst='UNIX Type: L8' Feat='Features:: AUTH TLS: CCC: CLNT: EPRT: EPSV: HOST: MDTM: MFF modify;UNIX.group;UNIX.mode;: MFMT: MLST modify*;perm*;size*;type*;unique*;UNIX.group*;UNIX.groupname*;UNIX.mode*;UNIX.owner*;UNIX.ownername*;: PBSZ: PROT: RANG STREAM: REST STREAM: SIZE: SSCN: TVFS:End'
2018-07-20 18:46:46: Incremental Analyze for On File Change
2018-07-20 18:46:47: -- Analysis Started by On File Change, After Delay, Under Runner
2018-07-20 18:46:47: ----- Задание 'lendol': АНАЛИЗ запустил On File Change, After Delay, Under Runner на компьютере 'PC' (GoodSync вер. 10.9.2.2) -----
2018-07-20 18:46:47: D:\IDEA\lendol\src\main\resources\information (D:/IDEA/lendol/src/main/resources/information) [TmpDest] <-> ftp://files.000webhost.com/public_html [TmpDest], RecycleTo_RecycleBin, SaveDays_RecycleBin=30d, ReconnectSecs=120, OnFileChange Delay=5, Unattended, ChangeLimit=50, LinksIgnore
2018-07-20 18:46:47: Искл. Скрытые, Искл. Системные, Исключено name *._gstmp|/System Volume Information|Thumbs.db|.DS_Store 
2018-07-20 18:46:47: Locking folder D:/IDEA/lendol/src/main/resources/information for write
2018-07-20 18:46:47: Change Analyzed: D:/IDEA/lendol/src/main/resources/information/index.html
2018-07-20 18:46:47: Change Analyzed: D:/IDEA/lendol/src/main/resources/information/index.html
2018-07-20 18:46:47: Change Analyzed: D:/IDEA/lendol/src/main/resources/information/main.html
2018-07-20 18:46:47: Locking folder ftp://files.000webhost.com/public_html for write
2018-07-20 18:46:48: Требуемый размер для синхронизации на диске file:///D: : 0 байт, у Вас имеется 508 ГБ
2018-07-20 18:46:48: On disk ftp://files.000webhost.com space required for sync is 1,00 КБ, free space is unknown
2018-07-20 18:46:48: Изменений: 2, Конфликтов: 0, Копий Времени: 0, Копий Состояния: 0, Ошибок: 0, All: 46
2018-07-20 18:46:48: Left to Right: Copy File: 1 Delete File: 1 
2018-07-20 18:46:48: ----- Анализ завершён. Время 00:00:05, Скорость: 9 файлов/сек -----
2018-07-20 18:46:48: Fraction of files changed (excluding renames) is low enough to perform Auto Sync: 4% (2 / 45) < 50%
2018-07-20 18:46:48: == Sync Started by On File Change, After Delay, Under Runner
2018-07-20 18:46:48: ===== Задание 'lendol': СИНХРОНИЗАЦИЮ запустил On File Change, After Delay, Under Runner на компьютере 'PC' =====
2018-07-20 18:46:48: D:\IDEA\lendol\src\main\resources\information (D:/IDEA/lendol/src/main/resources/information) [TmpDest] <-> ftp://files.000webhost.com/public_html [TmpDest], RecycleTo_RecycleBin, SaveDays_RecycleBin=30d, ReconnectSecs=120, OnFileChange Delay=5, Unattended, ChangeLimit=50, LinksIgnore
2018-07-20 18:46:49: Load Recycled DB: ftp://files.000webhost.com/public_html/_gsdata_/_recycled_db._gs
2018-07-20 18:46:49: Удалён Файл 'ftp://files.000webhost.com/public_html/main.html'
2018-07-20 18:46:51: Скопировано поверх 'D:/IDEA/lendol/src/main/resources/information/index.html' -> 'ftp://files.000webhost.com/public_html/index.html' (165)
2018-07-20 18:46:51: Сохраняю файл состояний D:/IDEA/lendol/src/main/resources/information/_gsdata_/_file_state_v4._gs
2018-07-20 18:46:52: Сохраняю файл состояний ftp://files.000webhost.com/public_html/_gsdata_/_file_state_v4._gs
2018-07-20 18:46:52: Cleanup recycled files in D:/IDEA/lendol/src/main/resources/information/_gsdata_/_saved_
2018-07-20 18:46:52: Cleanup old logs in D:/IDEA/lendol/src/main/resources/information/_gsdata_
2018-07-20 18:46:52: Cleanup recycled files in ftp://files.000webhost.com/public_html/_gsdata_/_saved_
2018-07-20 18:46:53: Save Recycled DB: ftp://files.000webhost.com/public_html/_gsdata_/_recycled_db._gs
2018-07-20 18:46:53: Cleanup old logs in ftp://files.000webhost.com/public_html/_gsdata_
2018-07-20 18:46:53: ===== Синхронизация завершена. Время 00:00:05, Скорость: 2,71 КБ/s файлов/сек =====, Синхронизировано: 2, Ошибок: 0
2018-07-20 18:46:53: Unlocking folder D:/IDEA/lendol/src/main/resources/information/_gsdata_/lock.gsl
2018-07-20 18:46:53: Unlocking folder ftp://files.000webhost.com/public_html/_gsdata_/lock.gsl
2018-07-20 18:46:53: 
