2018-07-22 21:27:16: Connected to D:\IDEA\lendol\src\main\resources\information: D: NTFS: type=NTFS vol=disk flags=3E700FF
2018-07-22 21:27:17: FTP: Use MLST/MLSD command to list files
2018-07-22 21:27:17: Connected to ftp://files.000webhost.com: ProFTPD Server (000webhost.com) [::ffff:145.14.145.99]: Syst='UNIX Type: L8' Feat='Features:: AUTH TLS: CCC: CLNT: EPRT: EPSV: HOST: MDTM: MFF modify;UNIX.group;UNIX.mode;: MFMT: MLST modify*;perm*;size*;type*;unique*;UNIX.group*;UNIX.groupname*;UNIX.mode*;UNIX.owner*;UNIX.ownername*;: PBSZ: PROT: RANG STREAM: REST STREAM: SIZE: SSCN: TVFS:End'
2018-07-22 21:27:17: Incremental Analyze for On File Change
2018-07-22 21:27:18: -- Analysis Started by On File Change, After Delay, Under Runner
2018-07-22 21:27:18: ----- Задание 'lendol': АНАЛИЗ запустил On File Change, After Delay, Under Runner на компьютере 'PC' (GoodSync вер. 10.9.2.2) -----
2018-07-22 21:27:18: D:\IDEA\lendol\src\main\resources\information (D:/IDEA/lendol/src/main/resources/information) [TmpDest] <-> ftp://files.000webhost.com [TmpDest], RecycleTo_RecycleBin, SaveDays_RecycleBin=30d, ReconnectSecs=120, OnFileChange Delay=1, Unattended, ChangeLimit=50, CopyAttrs, LinksCopy
2018-07-22 21:27:18: Искл. Скрытые, Искл. Системные, Исключено name *._gstmp|/System Volume Information|Thumbs.db|.DS_Store 
2018-07-22 21:27:18: Locking folder D:/IDEA/lendol/src/main/resources/information for write
2018-07-22 21:27:18: Change Analyzed: D:/IDEA/lendol/src/main/resources/information/public_html/index.php
2018-07-22 21:27:18: Change Analyzed: D:/IDEA/lendol/src/main/resources/information/public_html/index.php
2018-07-22 21:27:18: Locking folder ftp://files.000webhost.com for write
2018-07-22 21:27:19: Требуемый размер для синхронизации на диске file:///D: : 0 байт, у Вас имеется 508 ГБ
2018-07-22 21:27:19: On disk ftp://files.000webhost.com space required for sync is 2,00 КБ, free space is unknown
2018-07-22 21:27:19: Изменений: 1, Конфликтов: 0, Копий Времени: 0, Копий Состояния: 0, Ошибок: 0, All: 180
2018-07-22 21:27:19: Left to Right: Copy File: 1 
2018-07-22 21:27:19: ----- Анализ завершён. Время 00:00:04, Скорость: 12 файлов/сек -----
2018-07-22 21:27:19: Fraction of files changed (excluding renames) is low enough to perform Auto Sync: 2% (1 / 49) < 50%
2018-07-22 21:27:19: == Sync Started by On File Change, After Delay, Under Runner
2018-07-22 21:27:19: ===== Задание 'lendol': СИНХРОНИЗАЦИЮ запустил On File Change, After Delay, Under Runner на компьютере 'PC' =====
2018-07-22 21:27:19: D:\IDEA\lendol\src\main\resources\information (D:/IDEA/lendol/src/main/resources/information) [TmpDest] <-> ftp://files.000webhost.com [TmpDest], RecycleTo_RecycleBin, SaveDays_RecycleBin=30d, ReconnectSecs=120, OnFileChange Delay=1, Unattended, ChangeLimit=50, CopyAttrs, LinksCopy
2018-07-22 21:27:21: Load Recycled DB: ftp://files.000webhost.com/_gsdata_/_recycled_db._gs
2018-07-22 21:27:22: Скопировано поверх 'D:/IDEA/lendol/src/main/resources/information/public_html/index.php' -> 'ftp://files.000webhost.com/public_html/index.php' (1 109)
2018-07-22 21:27:22: Сохраняю файл состояний ftp://files.000webhost.com/public_html/_gsdata_/_file_state_v4._gs
2018-07-22 21:27:23: Сохраняю файл состояний D:/IDEA/lendol/src/main/resources/information/_gsdata_/_file_state_v4._gs
2018-07-22 21:27:24: Сохраняю файл состояний ftp://files.000webhost.com/_gsdata_/_file_state_v4._gs
2018-07-22 21:27:24: Cleanup recycled files in D:/IDEA/lendol/src/main/resources/information/_gsdata_/_saved_
2018-07-22 21:27:24: Load Recycled DB: D:/IDEA/lendol/src/main/resources/information/_gsdata_/_recycled_db._gs
2018-07-22 21:27:24: Cleanup old logs in D:/IDEA/lendol/src/main/resources/information/_gsdata_
2018-07-22 21:27:24: Cleanup recycled files in ftp://files.000webhost.com/_gsdata_/_saved_
2018-07-22 21:27:24: Save Recycled DB: ftp://files.000webhost.com/_gsdata_/_recycled_db._gs
2018-07-22 21:27:24: Cleanup old logs in ftp://files.000webhost.com/_gsdata_
2018-07-22 21:27:25: ===== Синхронизация завершена. Время 00:00:06, Скорость: 369 байт/s файлов/сек =====, Синхронизировано: 1, Ошибок: 0
2018-07-22 21:27:25: Unlocking folder D:/IDEA/lendol/src/main/resources/information/_gsdata_/lock.gsl
2018-07-22 21:27:25: Unlocking folder ftp://files.000webhost.com/_gsdata_/lock.gsl
2018-07-22 21:27:25: 
