2018-07-22 01:59:27: Change detected [0]: t=Deleted path=/files
2018-07-22 01:59:27: Connected to D:\IDEA\lendol\src\main\resources\information: D: NTFS: type=NTFS vol=disk flags=3E700FF
2018-07-22 01:59:29: FTP: Use MLST/MLSD command to list files
2018-07-22 01:59:30: Connected to ftp://files.000webhost.com: ProFTPD Server (000webhost.com) [::ffff:145.14.145.4]: Syst='UNIX Type: L8' Feat='Features:: AUTH TLS: CCC: CLNT: EPRT: EPSV: HOST: MDTM: MFF modify;UNIX.group;UNIX.mode;: MFMT: MLST modify*;perm*;size*;type*;unique*;UNIX.group*;UNIX.groupname*;UNIX.mode*;UNIX.owner*;UNIX.ownername*;: PBSZ: PROT: RANG STREAM: REST STREAM: SIZE: SSCN: TVFS:End'
2018-07-22 01:59:30: Incremental Analyze for On File Change
2018-07-22 01:59:31: -- Analysis Started by On File Change, After Delay, Under Runner
2018-07-22 01:59:31: ----- Задание 'lendol': АНАЛИЗ запустил On File Change, After Delay, Under Runner на компьютере 'PC' (GoodSync вер. 10.9.2.2) -----
2018-07-22 01:59:31: D:\IDEA\lendol\src\main\resources\information (D:/IDEA/lendol/src/main/resources/information) [TmpDest] <-> ftp://files.000webhost.com [TmpDest], RecycleTo_RecycleBin, SaveDays_RecycleBin=30d, ReconnectSecs=120, OnFileChange Delay=1, Unattended, ChangeLimit=50, CopyAttrs, LinksCopy
2018-07-22 01:59:31: Искл. Скрытые, Искл. Системные, Исключено name *._gstmp|/System Volume Information|Thumbs.db|.DS_Store 
2018-07-22 01:59:31: Locking folder D:/IDEA/lendol/src/main/resources/information for write
2018-07-22 01:59:31: Change Analyzed: D:/IDEA/lendol/src/main/resources/information/index.php
2018-07-22 01:59:31: Change Analyzed: D:/IDEA/lendol/src/main/resources/information/files
2018-07-22 01:59:31: Locking folder ftp://files.000webhost.com for write
2018-07-22 01:59:32: Требуемый размер для синхронизации на диске file:///D: : 0 байт, у Вас имеется 508 ГБ
2018-07-22 01:59:32: On disk ftp://files.000webhost.com space required for sync is 0 байт, free space is unknown
2018-07-22 01:59:32: Изменений: 43, Конфликтов: 0, Копий Времени: 0, Копий Состояния: 0, Ошибок: 0, All: 180
2018-07-22 01:59:32: Left to Right: Delete File: 43 
2018-07-22 01:59:32: ----- Анализ завершён. Время 00:00:06, Скорость: 15 файлов/сек -----
2018-07-22 01:59:32: Fraction of files changed (excluding renames) is low enough to perform Auto Sync: 46% (43 / 92) < 50%
2018-07-22 01:59:32: == Sync Started by On File Change, After Delay, Under Runner
2018-07-22 01:59:32: ===== Задание 'lendol': СИНХРОНИЗАЦИЮ запустил On File Change, After Delay, Under Runner на компьютере 'PC' =====
2018-07-22 01:59:32: D:\IDEA\lendol\src\main\resources\information (D:/IDEA/lendol/src/main/resources/information) [TmpDest] <-> ftp://files.000webhost.com [TmpDest], RecycleTo_RecycleBin, SaveDays_RecycleBin=30d, ReconnectSecs=120, OnFileChange Delay=1, Unattended, ChangeLimit=50, CopyAttrs, LinksCopy
2018-07-22 01:59:34: Load Recycled DB: ftp://files.000webhost.com/_gsdata_/_recycled_db._gs
2018-07-22 01:59:34: Удалён Файл 'ftp://files.000webhost.com/files/2018.07.19 08.13 bash'
2018-07-22 01:59:34: Удалён Файл 'ftp://files.000webhost.com/files/2018.07.19 08.44 bash'
2018-07-22 01:59:34: Удалён Файл 'ftp://files.000webhost.com/files/2018.07.19 08.44(2) bash'
2018-07-22 01:59:34: Удалён Файл 'ftp://files.000webhost.com/files/2018.07.19 08.45 bash'
2018-07-22 01:59:35: Удалён Файл 'ftp://files.000webhost.com/files/2018.07.19 09.11 bash'
2018-07-22 01:59:35: Удалён Файл 'ftp://files.000webhost.com/files/2018.07.19 09.12 bash'
2018-07-22 01:59:35: Удалён Файл 'ftp://files.000webhost.com/files/2018.07.19 09.13 bash'
2018-07-22 01:59:36: Удалён Файл 'ftp://files.000webhost.com/files/2018.07.19 09.45 bash'
2018-07-22 01:59:36: Удалён Файл 'ftp://files.000webhost.com/files/2018.07.19 09.46 bash'
2018-07-22 01:59:36: Удалён Файл 'ftp://files.000webhost.com/files/2018.07.19 10.12 bash'
2018-07-22 01:59:36: Удалён Файл 'ftp://files.000webhost.com/files/2018.07.19 10.12(2) bash'
2018-07-22 01:59:37: Удалён Файл 'ftp://files.000webhost.com/files/2018.07.19 10.46 bash'
2018-07-22 01:59:37: Удалён Файл 'ftp://files.000webhost.com/files/2018.07.19 11.11 bash'
2018-07-22 01:59:37: Удалён Файл 'ftp://files.000webhost.com/files/2018.07.19 11.12 bash'
2018-07-22 01:59:38: Удалён Файл 'ftp://files.000webhost.com/files/2018.07.19 11.13 bash'
2018-07-22 01:59:38: Удалён Файл 'ftp://files.000webhost.com/files/2018.07.19 11.44 bash'
2018-07-22 01:59:38: Удалён Файл 'ftp://files.000webhost.com/files/2018.07.19 11.45 bash'
2018-07-22 01:59:38: Удалён Файл 'ftp://files.000webhost.com/files/2018.07.19 11.45(2) bash'
2018-07-22 01:59:39: Удалён Файл 'ftp://files.000webhost.com/files/2018.07.19 12.12 bash'
2018-07-22 01:59:39: Удалён Файл 'ftp://files.000webhost.com/files/2018.07.19 12.13 bash'
2018-07-22 01:59:39: Удалён Файл 'ftp://files.000webhost.com/files/2018.07.19 12.13(2) bash'
2018-07-22 01:59:39: Удалён Файл 'ftp://files.000webhost.com/files/2018.07.20 08.13 bash'
2018-07-22 01:59:40: Удалён Файл 'ftp://files.000webhost.com/files/2018.07.20 08.46 bash'
2018-07-22 01:59:40: Удалён Файл 'ftp://files.000webhost.com/files/2018.07.20 09.12 bash'
2018-07-22 01:59:40: Удалён Файл 'ftp://files.000webhost.com/files/2018.07.20 09.13 bash'
2018-07-22 01:59:41: Удалён Файл 'ftp://files.000webhost.com/files/2018.07.20 09.44 bash'
2018-07-22 01:59:41: Удалён Файл 'ftp://files.000webhost.com/files/2018.07.20 09.44(2) bash'
2018-07-22 01:59:41: Удалён Файл 'ftp://files.000webhost.com/files/2018.07.20 09.45 bash'
2018-07-22 01:59:42: Удалён Файл 'ftp://files.000webhost.com/files/2018.07.20 10.12 bash'
2018-07-22 01:59:42: Удалён Файл 'ftp://files.000webhost.com/files/2018.07.20 10.13 bash'
2018-07-22 01:59:42: Удалён Файл 'ftp://files.000webhost.com/files/2018.07.20 10.46 bash'
2018-07-22 01:59:42: Удалён Файл 'ftp://files.000webhost.com/files/2018.07.20 11.13 bash'
2018-07-22 01:59:43: Удалён Файл 'ftp://files.000webhost.com/files/2018.07.20 11.45 bash'
2018-07-22 01:59:43: Удалён Файл 'ftp://files.000webhost.com/files/2018.07.20 11.46 bash'
2018-07-22 01:59:43: Удалён Файл 'ftp://files.000webhost.com/files/2018.07.20 12.11 bash'
2018-07-22 01:59:44: Удалён Файл 'ftp://files.000webhost.com/files/2018.07.20 12.12 bash'
2018-07-22 01:59:44: Удалён Файл 'ftp://files.000webhost.com/files/2018.07.20 12.13 bash'
2018-07-22 01:59:44: Удалён Файл 'ftp://files.000webhost.com/files/2018.07.20 12.45 bash'
2018-07-22 01:59:44: Удалён Файл 'ftp://files.000webhost.com/files/2018.07.20 12.45(2) bash'
2018-07-22 01:59:45: Удалён Файл 'ftp://files.000webhost.com/files/2018.07.20 13.13 bash'
2018-07-22 01:59:45: Удалён Файл 'ftp://files.000webhost.com/files/2018.07.20 13.46 bash'
2018-07-22 01:59:45: Удалена Папка 'ftp://files.000webhost.com/files'
2018-07-22 01:59:46: Удалён Файл 'ftp://files.000webhost.com/index.php'
2018-07-22 01:59:47: Сохраняю файл состояний ftp://files.000webhost.com/public_html/_gsdata_/_file_state_v4._gs
2018-07-22 01:59:47: Сохраняю файл состояний D:/IDEA/lendol/src/main/resources/information/_gsdata_/_file_state_v4._gs
2018-07-22 01:59:48: Сохраняю файл состояний ftp://files.000webhost.com/_gsdata_/_file_state_v4._gs
2018-07-22 01:59:48: Cleanup recycled files in D:/IDEA/lendol/src/main/resources/information/_gsdata_/_saved_
2018-07-22 01:59:48: Load Recycled DB: D:/IDEA/lendol/src/main/resources/information/_gsdata_/_recycled_db._gs
2018-07-22 01:59:48: Cleanup old logs in D:/IDEA/lendol/src/main/resources/information/_gsdata_
2018-07-22 01:59:48: Cleanup recycled files in ftp://files.000webhost.com/_gsdata_/_saved_
2018-07-22 01:59:49: Save Recycled DB: ftp://files.000webhost.com/_gsdata_/_recycled_db._gs
2018-07-22 01:59:49: Cleanup old logs in ftp://files.000webhost.com/_gsdata_
2018-07-22 01:59:49: ===== Синхронизация завершена. Время 00:00:17, Скорость: 24,0 КБ/s файлов/сек =====, Синхронизировано: 43, Ошибок: 0
2018-07-22 01:59:49: Unlocking folder D:/IDEA/lendol/src/main/resources/information/_gsdata_/lock.gsl
2018-07-22 01:59:49: Unlocking folder ftp://files.000webhost.com/_gsdata_/lock.gsl
2018-07-22 01:59:49: 
